<?xml version="1.0" encoding="UTF-8" ?>
<testsuite tests="4" failures="0" name="junitdbunit.DbUnit" time="0.543" errors="0" skipped="0">
  <properties>
[...]
</properties>
  <testcase classname="junitdbunit.DbUnit" name="testFirstRowName" time="0.252"/>
  <testcase classname="junitdbunit.DbUnit" name="testSQLUpdate" time="0.089"/>
  <testcase classname="junitdbunit.DbUnit" name="testLastUserIsAble" time="0.099"/>
  <testcase classname="junitdbunit.DbUnit" name="testUserRowCount" time="0.103"/>
</testsuite>